<?xml version="1.0" encoding="UTF-8"?>
<!-- Generated by org.testng.reporters.JUnitReportReporter -->
<testsuite hostname="Dasiks-MacBook-2.local" failures="0" tests="2" name="by.epam.taskFour.service.NumberServiceTest" time="0.035" errors="0" timestamp="2020-11-10T11:37:42 MSK" skipped="0">
  <testcase classname="by.epam.taskFour.service.NumberServiceTest" name="isTwoEvenNumbersFalse" time="0.022"/>
  <system-out/>
  <testcase classname="by.epam.taskFour.service.NumberServiceTest" name="isTwoEvenNumbersTrue" time="0.013"/>
  <system-out/>
</testsuite> <!-- by.epam.taskFour.service.NumberServiceTest -->
